----------------------------------------
1	E	0.878408	D
2	L	0.816026	D
3	G	0.752018	D
4	C	0.645457	D
5	S	0.567787	D
6	V	0.463628	.
7	V	0.375540	.
8	S	0.328749	.
9	K	0.282629	.
10	N	0.256836	.
11	L	0.227215	.
12	T	0.199353	.
13	R	0.162800	.
14	Q	0.131285	.
15	L	0.094627	.
16	C	0.078012	.
17	T	0.060437	.
18	V	0.051762	.
19	V	0.044907	.
20	L	0.042134	.
21	Y	0.045740	.
22	V	0.058211	.
23	H	0.080949	.
24	L	0.115072	.
25	K	0.160462	.
26	N	0.202690	.
27	V	0.234325	.
28	A	0.271045	.
29	V	0.279157	.
30	Q	0.284484	.
31	A	0.276982	.
32	Q	0.274758	.
33	S	0.259987	.
34	S	0.266377	.
35	L	0.257134	.
36	C	0.247667	.
37	R	0.235682	.
38	L	0.214449	.
39	T	0.184385	.
40	L	0.155586	.
41	R	0.136873	.
42	R	0.121810	.
43	S	0.114239	.
44	F	0.097673	.
45	L	0.095936	.
46	C	0.101126	.
47	I	0.095913	.
48	H	0.107112	.
49	L	0.123535	.
50	L	0.150541	.
51	H	0.183234	.
52	P	0.248922	.
53	R	0.325196	.
54	Q	0.372455	.
55	E	0.392376	.
56	A	0.442362	.
57	D	0.415140	.
58	T	0.366112	.
59	C	0.350715	.
60	C	0.347491	.
61	S	0.331919	.
62	E	0.334919	.
63	K	0.320431	.
64	F	0.295337	.
65	R	0.272644	.
66	L	0.274889	.
67	H	0.268716	.
68	G	0.269230	.
69	A	0.282055	.
70	A	0.302201	.
71	D	0.286513	.
72	V	0.278091	.
73	E	0.265341	.
74	M	0.241312	.
75	K	0.200932	.
76	L	0.171188	.
77	Y	0.136733	.
78	K	0.138392	.
79	T	0.120770	.
80	F	0.119306	.
81	C	0.133516	.
82	C	0.149737	.
83	S	0.174364	.
84	A	0.210014	.
85	C	0.266089	.
86	Y	0.346693	.
87	D	0.382218	.
88	C	0.438216	.
----------------------------------------
1	E	0.679876	D
2	L	0.684260	D
3	G	0.643557	D
4	C	0.580714	D
5	S	0.533794	D
6	V	0.470287	.
7	V	0.417786	.
8	S	0.341997	.
9	K	0.300227	.
10	N	0.280346	.
11	L	0.242794	.
12	T	0.177954	.
13	R	0.157413	.
14	L	0.121950	.
15	L	0.121246	.
16	C	0.107663	.
17	C	0.099760	.
18	M	0.119817	.
19	C	0.149733	.
20	T	0.169614	.
21	L	0.198057	.
22	K	0.237267	.
23	N	0.266347	.
24	V	0.292166	.
25	A	0.288477	.
26	L	0.300066	.
27	Q	0.310277	.
28	A	0.313850	.
29	Q	0.311119	.
30	S	0.298752	.
31	S	0.261800	.
32	L	0.239097	.
33	C	0.226609	.
34	R	0.251901	.
35	L	0.207623	.
36	T	0.175273	.
37	L	0.203980	.
38	W	0.251877	.
39	Q	0.247944	.
40	K	0.260742	.
41	L	0.268425	.
42	F	0.282354	.
43	M	0.297680	.
44	H	0.296884	.
45	S	0.349026	.
46	L	0.379169	.
47	A	0.403417	.
48	S	0.422328	.
49	S	0.429412	.
50	T	0.418265	.
51	T	0.391548	.
52	R	0.361692	.
53	C	0.316667	.
54	R	0.277617	.
55	Y	0.282693	.
56	L	0.283456	.
57	L	0.305027	.
58	P	0.316982	.
59	R	0.350040	.
60	K	0.354467	.
61	I	0.370834	.
62	P	0.392570	.
63	P	0.415481	.
64	S	0.405704	.
65	W	0.389570	.
66	G	0.370271	.
67	R	0.358579	.
68	R	0.340417	.
69	C	0.342879	.
70	R	0.341302	.
71	N	0.351898	.
72	E	0.360860	.
73	A	0.386616	.
74	I	0.389933	.
75	Q	0.402154	.
76	N	0.358023	.
77	I	0.376021	.
78	C	0.387089	.
79	S	0.373784	.
80	G	0.379182	.
81	A	0.417913	.
82	C	0.469459	.
83	Y	0.515345	D
84	D	0.550563	D
85	C	0.593479	D
----------------------------------------
1	H	0.781953	D
2	D	0.686191	D
3	T	0.595808	D
4	F	0.463179	.
5	C	0.383771	.
6	H	0.252466	.
7	I	0.180763	.
8	K	0.127662	.
9	S	0.083623	.
10	L	0.063102	.
11	I	0.058178	.
12	F	0.048940	.
13	T	0.049495	.
14	F	0.057812	.
15	L	0.066015	.
16	T	0.072561	.
17	I	0.091255	.
18	L	0.114689	.
19	R	0.142239	.
20	N	0.172260	.
21	P	0.209938	.
22	E	0.230810	.
23	K	0.245247	.
24	L	0.263623	.
25	I	0.278694	.
26	C	0.284908	.
27	T	0.321248	.
28	N	0.348491	.
29	A	0.354743	.
30	R	0.378468	.
31	K	0.396906	.
32	S	0.413199	.
33	T	0.420786	.
34	R	0.432132	.
35	V	0.418533	.
36	S	0.409263	.
37	Y	0.377410	.
38	I	0.373709	.
39	S	0.360072	.
40	C	0.351004	.
41	S	0.370065	.
42	A	0.385633	.
43	A	0.404277	.
44	N	0.397476	.
45	P	0.404964	.
46	C	0.405983	.
47	S	0.395028	.
48	A	0.398134	.
49	T	0.401538	.
50	V	0.385509	.
51	A	0.370898	.
52	V	0.359363	.
53	I	0.384460	.
54	T	0.402658	.
55	N	0.425654	.
56	S	0.446058	.
57	Q	0.450330	.
58	L	0.451167	.
59	S	0.460672	.
60	A	0.471043	.
61	R	0.468846	.
62	N	0.455252	.
63	P	0.457984	.
64	L	0.452496	.
65	K	0.458201	.
66	G	0.478954	.
67	L	0.545769	D
68	P	0.533026	D
69	I	0.522296	D
70	I	0.574003	D
71	T	0.580077	D
----------------------------------------
1	I	0.739405	D
2	S	0.703797	D
3	E	0.626829	D
4	I	0.574909	D
5	K	0.478711	.
6	Y	0.387321	.
7	R	0.295457	.
8	L	0.229395	.
9	C	0.202401	.
10	K	0.213246	.
11	P	0.226370	.
12	G	0.248320	.
13	V	0.247025	.
14	R	0.249567	.
15	S	0.255111	.
16	F	0.262904	.
17	A	0.263482	.
18	M	0.304927	.
19	S	0.334215	.
20	K	0.351707	.
21	T	0.366656	.
22	W	0.364511	.
23	D	0.362354	.
24	A	0.372631	.
25	K	0.351243	.
26	A	0.314159	.
27	G	0.283851	.
28	F	0.264788	.
29	K	0.225619	.
30	N	0.208994	.
31	L	0.201854	.
32	T	0.195320	.
33	R	0.167588	.
34	I	0.167358	.
35	A	0.179942	.
36	L	0.185073	.
37	S	0.207750	.
38	L	0.266932	.
39	R	0.283062	.
40	N	0.315788	.
41	E	0.352213	.
42	L	0.357821	.
43	Q	0.304525	.
44	P	0.260686	.
45	V	0.211323	.
46	Q	0.160607	.
47	S	0.119391	.
48	I	0.100763	.
49	N	0.084842	.
50	C	0.060175	.
51	I	0.051322	.
52	C	0.044337	.
53	C	0.048180	.
54	H	0.054765	.
55	V	0.065603	.
56	S	0.080517	.
57	L	0.095224	.
58	G	0.118512	.
59	F	0.148370	.
60	H	0.170349	.
61	A	0.186262	.
62	S	0.195730	.
63	C	0.196817	.
64	G	0.183315	.
65	E	0.183570	.
66	I	0.173603	.
67	P	0.175239	.
68	V	0.164849	.
69	R	0.195035	.
70	V	0.237693	.
71	V	0.320452	.
72	L	0.446787	.
73	T	0.561317	D
74	P	0.678260	D
75	R	0.800743	D
76	H	0.829369	D
77	E	0.836857	D
----------------------------------------
1	H	0.914234	D
2	G	0.875076	D
3	L	0.860695	D
4	H	0.809229	D
5	D	0.737507	D
6	K	0.646503	D
7	V	0.544047	D
8	I	0.460765	.
9	E	0.386680	.
10	L	0.334955	.
11	M	0.304849	.
12	K	0.275564	.
13	S	0.244667	.
14	R	0.210600	.
15	K	0.167627	.
16	F	0.128808	.
17	T	0.111667	.
18	V	0.096230	.
19	I	0.071821	.
20	D	0.067430	.
21	Y	0.059845	.
22	F	0.055665	.
23	G	0.061493	.
24	W	0.080712	.
25	H	0.117129	.
26	P	0.142623	.
27	A	0.195971	.
28	I	0.274439	.
29	E	0.316197	.
30	G	0.359600	.
31	P	0.394098	.
32	S	0.372189	.
33	V	0.289606	.
34	R	0.243515	.
35	C	0.187039	.
36	S	0.141274	.
37	S	0.117762	.
38	L	0.104398	.
39	C	0.082129	.
40	A	0.072675	.
41	I	0.074955	.
42	C	0.079904	.
43	G	0.084917	.
44	I	0.091550	.
45	R	0.117909	.
46	N	0.144786	.
47	A	0.166495	.
48	P	0.205865	.
49	D	0.248430	.
50	V	0.280194	.
51	D	0.280706	.
52	V	0.274735	.
53	C	0.246460	.
54	S	0.209713	.
55	R	0.169116	.
56	C	0.151305	.
57	H	0.137876	.
58	H	0.134800	.
59	K	0.146603	.
60	L	0.137471	.
61	V	0.127616	.
62	F	0.141309	.
63	P	0.145283	.
64	S	0.124531	.
65	I	0.116806	.
66	F	0.117116	.
67	T	0.102587	.
68	K	0.093882	.
69	Y	0.091718	.
70	I	0.086920	.
71	S	0.080739	.
72	T	0.076925	.
73	L	0.072633	.
74	L	0.070186	.
75	A	0.074291	.
76	A	0.093194	.
77	F	0.115974	.
78	Y	0.160674	.
79	A	0.235314	.
80	G	0.311904	.
81	K	0.354801	.
82	N	0.381827	.
83	D	0.405319	.
84	L	0.390955	.
85	A	0.354591	.
86	P	0.322751	.
87	H	0.289421	.
88	K	0.223191	.
89	F	0.172162	.
90	Y	0.163901	.
91	M	0.178866	.
92	H	0.236720	.
93	V	0.323600	.
94	F	0.442433	.
95	T	0.576865	D
96	T	0.700467	D
97	L	0.754349	D
98	S	0.829094	D
